0.001 1e-05 500.499547568
0.001 0.0416758333333 496.95622282
0.001 0.0833416666667 493.256460197
0.001 0.1250075 489.38610079
0.001 0.166673333333 485.329467902
0.001 0.208339166667 481.068619195
0.001 0.250005 476.582884573
0.001 0.291670833333 471.848278879
0.001 0.333336666667 466.836746062
0.001 0.3750025 461.515172735
0.001 0.416668333333 455.844080395
0.001 0.458334166667 449.775860721
0.001 0.5 443.252345848
0.001 0.541665833333 436.201384868
0.001 0.583331666667 428.531889074
0.001 0.6249975 420.126431663
0.001 0.666663333333 410.829771966
0.001 0.708329166667 400.430229372
0.001 0.749995 388.627689349
0.001 0.791660833333 374.974515582
0.001 0.833326666667 358.755372516
0.001 0.8749925 338.707238597
0.001 0.916658333333 312.215264037
0.001 0.958324166667 271.920328097
0.001 0.99999 87.7620473843
0.01 1e-05 50.4999551644
0.01 0.0416758333333 50.1488148741
0.01 0.0833416666667 49.7821717312
0.01 0.1250075 49.3986226009
0.01 0.166673333333 48.9966139363
0.01 0.208339166667 48.574367668
0.01 0.250005 48.1298354081
0.01 0.291670833333 47.6606402492
0.01 0.333336666667 47.164001862
0.01 0.3750025 46.6366387395
0.01 0.416668333333 46.0746385977
0.01 0.458334166667 45.4732834949
0.01 0.5 44.826809048
0.01 0.541665833333 44.1280651671
0.01 0.583331666667 43.3680250434
0.01 0.6249975 42.5350517865
0.01 0.666663333333 41.6137611858
0.01 0.708329166667 40.5831758837
0.01 0.749995 39.4135548003
0.01 0.791660833333 38.0605375802
0.01 0.833326666667 36.4532351142
0.01 0.8749925 34.4664831042
0.01 0.916658333333 31.841152292
0.01 0.958324166667 27.847960442
0.01 0.99999 9.59804073178
0.1 1e-05 5.49999592404
0.1 0.0416758333333 5.46807407946
0.1 0.0833416666667 5.43474288466
0.1 0.1250075 5.3998747819
0.1 0.166673333333 5.36332853966
0.1 0.208339166667 5.32494251527
0.1 0.250005 5.28453049165
0.1 0.291670833333 5.24187638629
0.1 0.333336666667 5.196727442
0.1 0.3750025 5.14878533995
0.1 0.416668333333 5.09769441797
0.1 0.458334166667 5.04302577226
0.1 0.5 4.984255368
0.1 0.541665833333 4.92073319701
0.1 0.583331666667 4.85163864031
0.1 0.6249975 4.77591379877
0.1 0.666663333333 4.6921601078
0.1 0.708329166667 4.59847053488
0.1 0.749995 4.49214134549
0.1 0.791660833333 4.36913978002
0.1 0.833326666667 4.22302137402
0.1 0.8749925 4.04240755493
0.1 0.916658333333 3.80374111745
0.1 0.958324166667 3.44072367655
0.1 0.99999 1.78164006653
0.25 1e-05 2.49999864135
0.25 0.0416758333333 2.48935802649
0.25 0.0833416666667 2.47824762822
0.25 0.1250075 2.4666249273
0.25 0.166673333333 2.45444284655
0.25 0.208339166667 2.44164750509
0.25 0.250005 2.42817683055
0.25 0.291670833333 2.41395879543
0.25 0.333336666667 2.39890914733
0.25 0.3750025 2.38292844665
0.25 0.416668333333 2.36589813932
0.25 0.458334166667 2.34767525742
0.25 0.5 2.32808512267
0.25 0.541665833333 2.30691106567
0.25 0.583331666667 2.28387954677
0.25 0.6249975 2.25863793292
0.25 0.666663333333 2.23072003593
0.25 0.708329166667 2.19949017829
0.25 0.749995 2.16404711516
0.25 0.791660833333 2.12304659334
0.25 0.833326666667 2.07434045801
0.25 0.8749925 2.01413585164
0.25 0.916658333333 1.93458037248
0.25 0.958324166667 1.81357455885
0.25 0.99999 1.26054668884
0.5 1e-05 1.49999954712
0.5 0.0416758333333 1.4964526755
0.5 0.0833416666667 1.49274920941
0.5 0.1250075 1.48887497577
0.5 0.166673333333 1.48481428218
0.5 0.208339166667 1.48054916836
0.5 0.250005 1.47605894352
0.5 0.291670833333 1.47131959848
0.5 0.333336666667 1.46630304911
0.5 0.3750025 1.46097614888
0.5 0.416668333333 1.45529937977
0.5 0.458334166667 1.44922508581
0.5 0.5 1.44269504089
0.5 0.541665833333 1.43563702189
0.5 0.583331666667 1.42795984892
0.5 0.6249975 1.41954597764
0.5 0.666663333333 1.41024001198
0.5 0.708329166667 1.39983005943
0.5 0.749995 1.38801570505
0.5 0.791660833333 1.37434886445
0.5 0.833326666667 1.358113486
0.5 0.8749925 1.33804528388
0.5 0.916658333333 1.31152679083
0.5 0.958324166667 1.27119151962
0.5 0.99999 1.08684889628
0.75 1e-05 1.16666651571
0.75 0.0416758333333 1.16548422517
0.75 0.0833416666667 1.16424973647
0.75 0.1250075 1.16295832526
0.75 0.166673333333 1.16160476073
0.75 0.208339166667 1.16018305612
0.75 0.250005 1.15868631451
0.75 0.291670833333 1.15710653283
0.75 0.333336666667 1.1554343497
0.75 0.3750025 1.15365871629
0.75 0.416668333333 1.15176645992
0.75 0.458334166667 1.14974169527
0.75 0.5 1.14756501363
0.75 0.541665833333 1.14521234063
0.75 0.583331666667 1.14265328297
0.75 0.6249975 1.13984865921
0.75 0.666663333333 1.13674667066
0.75 0.708329166667 1.13327668648
0.75 0.749995 1.12933856835
0.75 0.791660833333 1.12478295482
0.75 0.833326666667 1.119371162
0.75 0.8749925 1.11268176129
0.75 0.916658333333 1.10384226361
0.75 0.958324166667 1.09039717321
0.75 0.99999 1.02894963209
1 1e-05 1.0
1 0.0416758333333 1.0
1 0.0833416666667 1.0
1 0.1250075 1.0
1 0.166673333333 1.0
1 0.208339166667 1.0
1 0.250005 1.0
1 0.291670833333 1.0
1 0.333336666667 1.0
1 0.3750025 1.0
1 0.416668333333 1.0
1 0.458334166667 1.0
1 0.5 1.0
1 0.541665833333 1.0
1 0.583331666667 1.0
1 0.6249975 1.0
1 0.666663333333 1.0
1 0.708329166667 1.0
1 0.749995 1.0
1 0.791660833333 1.0
1 0.833326666667 1.0
1 0.8749925 1.0
1 0.916658333333 1.0
1 0.958324166667 1.0
1 0.99999 1.0
1.5 1e-05 0.833333484295
1.5 0.0416758333333 0.834515774835
1.5 0.0833416666667 0.835750263531
1.5 0.1250075 0.837041674745
1.5 0.166673333333 0.838395239272
1.5 0.208339166667 0.839816943879
1.5 0.250005 0.841313685495
1.5 0.291670833333 0.842893467174
1.5 0.333336666667 0.844565650296
1.5 0.3750025 0.846341283705
1.5 0.416668333333 0.848233540075
1.5 0.458334166667 0.850258304731
1.5 0.5 0.85243498637
1.5 0.541665833333 0.85478765937
1.5 0.583331666667 0.857346717026
1.5 0.6249975 0.860151340786
1.5 0.666663333333 0.863253329341
1.5 0.708329166667 0.866723313523
1.5 0.749995 0.870661431649
1.5 0.791660833333 0.875217045185
1.5 0.833326666667 0.880628837999
1.5 0.8749925 0.887318238706
1.5 0.916658333333 0.896157736391
1.5 0.958324166667 0.909602826795
1.5 0.99999 0.971050367906
2 1e-05 0.750000226442
2 0.0416758333333 0.751773662252
2 0.0833416666667 0.753625395297
2 0.1250075 0.755562512117
2 0.166673333333 0.757592858908
2 0.208339166667 0.759725415818
2 0.250005 0.761970528242
2 0.291670833333 0.764340200761
2 0.333336666667 0.766848475444
2 0.3750025 0.769511925558
2 0.416668333333 0.772350310113
2 0.458334166667 0.775387457096
2 0.5 0.778652479556
2 0.541665833333 0.782181489055
2 0.583331666667 0.786020075539
2 0.6249975 0.790227011179
2 0.666663333333 0.794879994011
2 0.708329166667 0.800084970284
2 0.749995 0.805992147473
2 0.791660833333 0.812825567777
2 0.833326666667 0.820943256999
2 0.8749925 0.83097735806
2 0.916658333333 0.844236604586
2 0.958324166667 0.864404240192
2 0.99999 0.95657555186
5 1e-05 0.600000362308
5 0.0416758333333 0.602837859603
5 0.0833416666667 0.605800632475
5 0.1250075 0.608900019387
5 0.166673333333 0.612148574252
5 0.208339166667 0.615560665309
5 0.250005 0.619152845187
5 0.291670833333 0.622944321218
5 0.333336666667 0.626957560711
5 0.3750025 0.631219080893
5 0.416668333333 0.63576049618
5 0.458334166667 0.640619931354
5 0.5 0.645843967289
5 0.541665833333 0.651490382488
5 0.583331666667 0.657632120862
5 0.6249975 0.664363217887
5 0.666663333333 0.671807990418
5 0.708329166667 0.680135952455
5 0.749995 0.689587435957
5 0.791660833333 0.700520908443
5 0.833326666667 0.713509211198
5 0.8749925 0.729563772895
5 0.916658333333 0.750778567338
5 0.958324166667 0.783046784307
5 0.99999 0.930520882976
10 1e-05 0.550000407596
10 0.0416758333333 0.553192592054
10 0.0833416666667 0.556525711534
10 0.1250075 0.56001252181
10 0.166673333333 0.563667146034
10 0.208339166667 0.567505748473
10 0.250005 0.571546950835
10 0.291670833333 0.575812361371
10 0.333336666667 0.5803272558
10 0.3750025 0.585121466005
10 0.416668333333 0.590230558203
10 0.458334166667 0.595697422774
10 0.5 0.6015744632
10 0.541665833333 0.607926680299
10 0.583331666667 0.614836135969
10 0.6249975 0.622408620123
10 0.666663333333 0.63078398922
10 0.708329166667 0.640152946512
10 0.749995 0.650785865451
10 0.791660833333 0.663086021998
10 0.833326666667 0.677697862598
10 0.8749925 0.695759244507
10 0.916658333333 0.719625888255
10 0.958324166667 0.755927632345
10 0.99999 0.921835993347
