-1 1e-05 1.000005
-1 0.0416758333333 1.02069007896
-1 0.0833416666667 1.04106654036
-1 0.1250075 1.06111303853
-1 0.166673333333 1.08080561246
-1 0.208339166667 1.10011721328
-1 0.250005 1.11901711617
-1 0.291670833333 1.13747018005
-1 0.333336666667 1.15543590405
-1 0.3750025 1.17286720827
-1 0.416668333333 1.18970883374
-1 0.458334166667 1.20589520535
-1 0.5 1.22134752044
-1 0.541665833333 1.23596969049
-1 0.583331666667 1.24964253194
-1 0.6249975 1.26221518716
-1 0.666663333333 1.27349197385
-1 0.708329166667 1.28321129281
-1 0.749995 1.29100983871
-1 0.791660833333 1.29635733398
-1 0.833326666667 1.29842551758
-1 0.8749925 1.29578708806
-1 0.916658333333 1.28556362887
-1 0.958324166667 1.25988938704
-1 0.99999 1.08684802779
-0.75 1e-05 1.00000375
-0.75 0.0416758333333 1.01551755922
-0.75 0.0833416666667 1.03079990527
-0.75 0.1250075 1.0458347789
-0.75 0.166673333333 1.06060420934
-0.75 0.208339166667 1.07508790996
-0.75 0.250005 1.08926283713
-0.75 0.291670833333 1.10310263504
-0.75 0.333336666667 1.11657692804
-0.75 0.3750025 1.1296504062
-0.75 0.416668333333 1.1422816253
-0.75 0.458334166667 1.15442140401
-0.75 0.5 1.16601064033
-0.75 0.541665833333 1.17697726787
-0.75 0.583331666667 1.18723189895
-0.75 0.6249975 1.19666139037
-0.75 0.666663333333 1.20511898039
-0.75 0.708329166667 1.2124084696
-0.75 0.749995 1.21825737903
-0.75 0.791660833333 1.22226800049
-0.75 0.833326666667 1.22381913818
-0.75 0.8749925 1.22184031604
-0.75 0.916658333333 1.21417272165
-0.75 0.958324166667 1.19491704028
-0.75 0.99999 1.06513602084
-0.5 1e-05 1.0000025
-0.5 0.0416758333333 1.01034503948
-0.5 0.0833416666667 1.02053327018
-0.5 0.1250075 1.03055651927
-0.5 0.166673333333 1.04040280623
-0.5 0.208339166667 1.05005860664
-0.5 0.250005 1.05950855809
-0.5 0.291670833333 1.06873509003
-0.5 0.333336666667 1.07771795202
-0.5 0.3750025 1.08643360414
-0.5 0.416668333333 1.09485441687
-0.5 0.458334166667 1.10294760267
-0.5 0.5 1.11067376022
-0.5 0.541665833333 1.11798484525
-0.5 0.583331666667 1.12482126597
-0.5 0.6249975 1.13110759358
-0.5 0.666663333333 1.13674598693
-0.5 0.708329166667 1.1416056464
-0.5 0.749995 1.14550491936
-0.5 0.791660833333 1.14817866699
-0.5 0.833326666667 1.14921275879
-0.5 0.8749925 1.14789354403
-0.5 0.916658333333 1.14278181443
-0.5 0.958324166667 1.12994469352
-0.5 0.99999 1.0434240139
-0.25 1e-05 1.00000125
-0.25 0.0416758333333 1.00517251974
-0.25 0.0833416666667 1.01026663509
-0.25 0.1250075 1.01527825963
-0.25 0.166673333333 1.02020140311
-0.25 0.208339166667 1.02502930332
-0.25 0.250005 1.02975427904
-0.25 0.291670833333 1.03436754501
-0.25 0.333336666667 1.03885897601
-0.25 0.3750025 1.04321680207
-0.25 0.416668333333 1.04742720843
-0.25 0.458334166667 1.05147380134
-0.25 0.5 1.05533688011
-0.25 0.541665833333 1.05899242262
-0.25 0.583331666667 1.06241063298
-0.25 0.6249975 1.06555379679
-0.25 0.666663333333 1.06837299346
-0.25 0.708329166667 1.0708028232
-0.25 0.749995 1.07275245968
-0.25 0.791660833333 1.0740893335
-0.25 0.833326666667 1.07460637939
-0.25 0.8749925 1.07394677201
-0.25 0.916658333333 1.07139090722
-0.25 0.958324166667 1.06497234676
-0.25 0.99999 1.02171200695
0 1e-05 1.0
0 0.0416758333333 1.0
0 0.0833416666667 1.0
0 0.1250075 1.0
0 0.166673333333 1.0
0 0.208339166667 1.0
0 0.250005 1.0
0 0.291670833333 1.0
0 0.333336666667 1.0
0 0.3750025 1.0
0 0.416668333333 1.0
0 0.458334166667 1.0
0 0.5 1.0
0 0.541665833333 1.0
0 0.583331666667 1.0
0 0.6249975 1.0
0 0.666663333333 1.0
0 0.708329166667 1.0
0 0.749995 1.0
0 0.791660833333 1.0
0 0.833326666667 1.0
0 0.8749925 1.0
0 0.916658333333 1.0
0 0.958324166667 1.0
0 0.99999 1.0
0.25 1e-05 0.999998750001
0.25 0.0416758333333 0.99482748026
0.25 0.0833416666667 0.98973336491
0.25 0.1250075 0.984721740367
0.25 0.166673333333 0.979798596885
0.25 0.208339166667 0.97497069668
0.25 0.250005 0.970245720957
0.25 0.291670833333 0.965632454986
0.25 0.333336666667 0.961141023988
0.25 0.3750025 0.956783197932
0.25 0.416668333333 0.952572791565
0.25 0.458334166667 0.948526198663
0.25 0.5 0.944663119889
0.25 0.541665833333 0.941007577377
0.25 0.583331666667 0.937589367015
0.25 0.6249975 0.93444620321
0.25 0.666663333333 0.931627006537
0.25 0.708329166667 0.929197176799
0.25 0.749995 0.927247540322
0.25 0.791660833333 0.925910666504
0.25 0.833326666667 0.925393620605
0.25 0.8749925 0.926053227986
0.25 0.916658333333 0.928609092783
0.25 0.958324166667 0.935027653239
0.25 0.99999 0.978287993052
0.5 1e-05 0.999997500002
0.5 0.0416758333333 0.989654960519
0.5 0.0833416666667 0.97946672982
0.5 0.1250075 0.969443480733
0.5 0.166673333333 0.95959719377
0.5 0.208339166667 0.94994139336
0.5 0.250005 0.940491441913
0.5 0.291670833333 0.931264909973
0.5 0.333336666667 0.922282047976
0.5 0.3750025 0.913566395864
0.5 0.416668333333 0.905145583131
0.5 0.458334166667 0.897052397325
0.5 0.5 0.889326239778
0.5 0.541665833333 0.882015154753
0.5 0.583331666667 0.875178734031
0.5 0.6249975 0.86889240642
0.5 0.666663333333 0.863254013074
0.5 0.708329166667 0.858394353597
0.5 0.749995 0.854495080644
0.5 0.791660833333 0.851821333008
0.5 0.833326666667 0.850787241211
0.5 0.8749925 0.852106455972
0.5 0.916658333333 0.857218185566
0.5 0.958324166667 0.870055306478
0.5 0.99999 0.956575986104
0.75 1e-05 0.999996250003
0.75 0.0416758333333 0.984482440779
0.75 0.0833416666667 0.96920009473
0.75 0.1250075 0.9541652211
0.75 0.166673333333 0.939395790656
0.75 0.208339166667 0.924912090041
0.75 0.250005 0.91073716287
0.75 0.291670833333 0.896897364959
0.75 0.333336666667 0.883423071964
0.75 0.3750025 0.870349593796
0.75 0.416668333333 0.857718374696
0.75 0.458334166667 0.845578595988
0.75 0.5 0.833989359667
0.75 0.541665833333 0.82302273213
0.75 0.583331666667 0.812768101046
0.75 0.6249975 0.803338609629
0.75 0.666663333333 0.794881019611
0.75 0.708329166667 0.787591530396
0.75 0.749995 0.781742620966
0.75 0.791660833333 0.777731999511
0.75 0.833326666667 0.776180861816
0.75 0.8749925 0.778159683958
0.75 0.916658333333 0.785827278348
0.75 0.958324166667 0.805082959717
0.75 0.99999 0.934863979156
1 1e-05 0.999995000005
1 0.0416758333333 0.979309921038
1 0.0833416666667 0.958933459639
1 0.1250075 0.938886961467
1 0.166673333333 0.919194387541
1 0.208339166667 0.899882786721
1 0.250005 0.880982883826
1 0.291670833333 0.862529819946
1 0.333336666667 0.844564095953
1 0.3750025 0.827132791728
1 0.416668333333 0.810291166261
1 0.458334166667 0.794104794651
1 0.5 0.778652479556
1 0.541665833333 0.764030309507
1 0.583331666667 0.750357468061
1 0.6249975 0.737784812839
1 0.666663333333 0.726508026148
1 0.708329166667 0.716788707195
1 0.749995 0.708990161288
1 0.791660833333 0.703642666015
1 0.833326666667 0.701574482421
1 0.8749925 0.704212911944
1 0.916658333333 0.714436371131
1 0.958324166667 0.740110612956
1 0.99999 0.913151972208
