-1 0.9999900001 1.000005
-1 0.959991552074 1.02069007896
-1 0.92306982254 1.04106654036
-1 0.888882963002 1.06111303853
-1 0.857137959212 1.08080561246
-1 0.827582211672 1.10011721328
-1 0.799996800013 1.11901711617
-1 0.774191050997 1.13747018005
-1 0.749998125005 1.15543590405
-1 0.727271404961 1.17286720827
-1 0.705881522492 1.18970883374
-1 0.685713893878 1.20589520535
-1 0.666666666667 1.22134752044
-1 0.64864899927 1.23596969049
-1 0.631579612189 1.24964253194
-1 0.615385562132 1.26221518716
-1 0.600001200002 1.27349197385
-1 0.585367281384 1.28321129281
-1 0.571430204086 1.29100983871
-1 0.558141352088 1.29635733398
-1 0.545456528933 1.29842551758
-1 0.533335466675 1.29578708806
-1 0.521741398876 1.28556362887
-1 0.510640688105 1.25988938704
-1 0.500002500013 1.08684802779
-0.75 0.999992500056 1.00000375
-0.75 0.969690505094 1.01551755922
-0.75 0.941170934289 1.03079990527
-0.75 0.914281012269 1.0458347789
-0.75 0.888884938289 1.06060420934
-0.75 0.864861592416 1.07508790996
-0.75 0.842102603887 1.08926283713
-0.75 0.820510716639 1.10310263504
-0.75 0.799998400003 1.11657692804
-0.75 0.780486662702 1.1296504062
-0.75 0.761904036282 1.1422816253
-0.75 0.744185700379 1.15442140401
-0.75 0.727272727273 1.16601064033
-0.75 0.711111427161 1.17697726787
-0.75 0.695652778829 1.18723189895
-0.75 0.680851933002 1.19666139037
-0.75 0.66666777778 1.20511898039
-0.75 0.653062557271 1.2124084696
-0.75 0.640001536004 1.21825737903
-0.75 0.627452702811 1.22226800049
-0.75 0.615386508882 1.22381913818
-0.75 0.603775635464 1.22184031604
-0.75 0.592594787388 1.21417272165
-0.75 0.5818205091 1.19491704028
-0.75 0.571431020419 1.06513602084
-0.5 0.999995000025 1.0000025
-0.5 0.979587438587 1.01034503948
-0.5 0.959996160015 1.02053327018
-0.5 0.941173148801 1.03055651927
-0.5 0.923074082849 1.04040280623
-0.5 0.905657985054 1.05005860664
-0.5 0.888886913585 1.05950855809
-0.5 0.872725685953 1.06873509003
-0.5 0.857141632655 1.07771795202
-0.5 0.842104376732 1.08643360414
-0.5 0.827585636148 1.09485441687
-0.5 0.813559046251 1.10294760267
-0.5 0.8 1.11067376022
-0.5 0.786885503897 1.11798484525
-0.5 0.774194047867 1.12482126597
-0.5 0.761905487529 1.13110759358
-0.5 0.750000937501 1.13674598693
-0.5 0.738462674558 1.1416056464
-0.5 0.727274049589 1.14550491936
-0.5 0.716419407444 1.14817866699
-0.5 0.705884013845 1.14921275879
-0.5 0.695653988663 1.14789354403
-0.5 0.685716244904 1.14278181443
-0.5 0.676058432857 1.12994469352
-0.5 0.666668888896 1.0434240139
-0.25 0.999997500006 1.00000125
-0.25 0.989688476995 1.00517251974
-0.25 0.979589837572 1.01026663509
-0.25 0.969695206615 1.01527825963
-0.25 0.959998464002 1.02020140311
-0.25 0.950493731989 1.02502930332
-0.25 0.941175363323 1.02975427904
-0.25 0.93203793006 1.03436754501
-0.25 0.923076213018 1.03885897601
-0.25 0.914285191837 1.04321680207
-0.25 0.9056600356 1.04742720843
-0.25 0.897196093982 1.05147380134
-0.25 0.888888888889 1.05533688011
-0.25 0.880734106557 1.05899242262
-0.25 0.872727590083 1.06241063298
-0.25 0.86486533236 1.06555379679
-0.25 0.857143469388 1.06837299346
-0.25 0.849558273945 1.0708028232
-0.25 0.842106149585 1.07275245968
-0.25 0.834783624954 1.0740893335
-0.25 0.827587348396 1.07460637939
-0.25 0.820514082842 1.07394677201
-0.25 0.81356070095 1.07139090722
-0.25 0.806724180498 1.06497234676
-0.25 0.800001600003 1.02171200695
0 1.0 1.0
0 1.0 1.0
0 1.0 1.0
0 1.0 1.0
0 1.0 1.0
0 1.0 1.0
0 1.0 1.0
0 1.0 1.0
0 1.0 1.0
0 1.0 1.0
0 1.0 1.0
0 1.0 1.0
0 1.0 1.0
0 1.0 1.0
0 1.0 1.0
0 1.0 1.0
0 1.0 1.0
0 1.0 1.0
0 1.0 1.0
0 1.0 1.0
0 1.0 1.0
0 1.0 1.0
0 1.0 1.0
0 1.0 1.0
0 1.0 1.0
0.25 1.00000250001 0.999998750001
0.25 1.01052865596 0.99482748026
0.25 1.02127876868 0.98973336491
0.25 1.03226006244 0.984721740367
0.25 1.04348007562 0.979798596885
0.25 1.05494667794 0.97497069668
0.25 1.06666808889 0.970245720957
0.25 1.07865289736 0.965632454986
0.25 1.09091008265 0.961141023988
0.25 1.10344903686 0.956783197932
0.25 1.11627958897 0.952572791565
0.25 1.12941203045 0.948526198663
0.25 1.14285714286 0.944663119889
0.25 1.15662622732 0.941007577377
0.25 1.17073113623 0.937589367015
0.25 1.18518430727 0.93444620321
0.25 1.1999988 0.931627006537
0.25 1.2151883352 0.929197176799
0.25 1.23076733728 0.927247540322
0.25 1.24675097993 0.925910666504
0.25 1.26315523546 0.925393620605
0.25 1.27999692801 0.926053227986
0.25 1.2972937911 0.928609092783
0.25 1.31506452994 0.935027653239
0.25 1.3333288889 0.978287993052
0.5 1.00000500003 0.999997500002
0.5 1.02128137621 0.989654960519
0.5 1.04348279775 0.97946672982
0.5 1.06667093335 0.969443480733
0.5 1.09091305787 0.95959719377
0.5 1.11628270418 0.94994139336
0.5 1.14286040817 0.940491441913
0.5 1.17073456277 0.931264909973
0.5 1.2000024 0.922282047976
0.5 1.23077112426 0.913566395864
0.5 1.26315922438 0.905145583131
0.5 1.29729799854 0.897052397325
0.5 1.33333333333 0.889326239778
0.5 1.37142778776 0.882015154753
0.5 1.41176304498 0.875178734031
0.5 1.45454280992 0.86889240642
0.5 1.49999625001 0.863254013074
0.5 1.54838210199 0.858394353597
0.5 1.59999360003 0.854495080644
0.5 1.65516442334 0.851821333008
0.5 1.71427591842 0.850787241211
0.5 1.777765926 0.852106455972
0.5 1.84613964508 0.857218185566
0.5 1.91998310415 0.870055306478
0.5 1.9999800002 0.956575986104
0.75 1.00000750006 0.999996250003
0.75 1.03226539027 0.984482440779
0.75 1.06667377783 0.96920009473
0.75 1.10345512489 0.9541652211
0.75 1.14286367351 0.939395790656
0.75 1.18519133062 0.924912090041
0.75 1.23077491127 0.91073716287
0.75 1.28000512002 0.896897364959
0.75 1.33333777779 0.883423071964
0.75 1.39130797733 0.870349593796
0.75 1.45454809918 0.857718374696
0.75 1.52381097506 0.845578595988
0.75 1.6 0.833989359667
0.75 1.68420875346 0.82302273213
0.75 1.77777382717 0.812768101046
0.75 1.8823462976 0.803338609629
0.75 1.99999000005 0.794881019611
0.75 2.13331911121 0.787591530396
0.75 2.28569469405 0.781742620966
0.75 2.46151195295 0.777731999511
0.75 2.66663111159 0.776180861816
0.75 2.90904330656 0.778159683958
0.75 3.19993600128 0.785827278348
0.75 3.5554686441 0.805082959717
0.75 3.9998800036 0.934863979156
1 1.0000100001 0.999995000005
1 1.04348824206 0.979309921038
1 1.09091900835 0.958933459639
1 1.14286693886 0.938886961467
1 1.20000960008 0.919194387541
1 1.26316720228 0.899882786721
1 1.33334222228 0.880982883826
1 1.41177301043 0.862529819946
1 1.50000750004 0.844564095953
1 1.60000640003 0.827132791728
1 1.71429061226 0.810291166261
1 1.84615668639 0.794104794651
1 2.0 0.778652479556
1 2.18181421488 0.764030309507
1 2.39999040004 0.750357468061
1 2.66664888901 0.737784812839
1 2.9999700003 0.726508026148
1 3.42852244968 0.716788707195
1 3.9999200016 0.708990161288
1 4.79986560376 0.703642666015
1 5.9997600096 0.701574482421
1 7.9995200288 0.704212911944
1 11.99880012 0.714436371131
1 23.9947211613 0.740110612956
1 100000.0 0.913151972208
